Build started 5/10/2016 5:54:49 p.m..
     1>Project "C:\Users\USER\Documents\GitHub\Team-Project-GP\Project 1\BasicGameTemplate\BasicGameTemplate.vcxproj" on node 2 (Build target(s)).
     1>ClCompile:
         C:\Program Files (x86)\Microsoft Visual Studio 12.0\VC\bin\CL.exe /c /I"C:\Users\USER\Documents\GitHub\Team-Project-GP\Project 1\\DirectXTK\Inc" /I"C:\Program Files (x86)\Visual Leak Detector\include" /I"C:\Program Files (x86)\PhysXSDK\Include" /Zi /nologo /W3 /WX- /O2 /Oi /Oy- /GL /D WIN32 /D NDEBUG /D _WINDOWS /D _UNICODE /D UNICODE /Gm- /EHsc /MD /GS /Gy /arch:SSE2 /fp:fast /Zc:wchar_t /Zc:forScope /Yu"pch.h" /Fp"Release\BasicGameTemplate.pch" /Fo"Release\\" /Fd"Release\vc120.pdb" /Gd /TP /analyze- /errorReport:prompt PhysXController.cpp
         PhysXController.cpp
       Link:
         C:\Program Files (x86)\Microsoft Visual Studio 12.0\VC\bin\link.exe /ERRORREPORT:PROMPT /OUT:"C:\Users\USER\Documents\GitHub\Team-Project-GP\Project 1\Release\BasicGameTemplate.exe" /INCREMENTAL:NO /NOLOGO /LIBPATH:"C:\Program Files (x86)\Visual Leak Detector\lib\Win32" /LIBPATH:"C:\Program Files (x86)\PhysXSDK\Lib\vc12win32" /LIBPATH:"C:\Program Files (x86)\PhysXSDK\Lib\vc12win64" d3d11.lib dxgi.lib dxguid.lib uuid.lib kernel32.lib user32.lib gdi32.lib winspool.lib comdlg32.lib advapi32.lib shell32.lib ole32.lib oleaut32.lib uuid.lib odbc32.lib odbccp32.lib PhysX3_x86.lib PhysX3Common_x86.lib kernel32.lib user32.lib gdi32.lib winspool.lib comdlg32.lib advapi32.lib shell32.lib ole32.lib oleaut32.lib uuid.lib odbc32.lib odbccp32.lib /MANIFEST /MANIFESTUAC:"level='asInvoker' uiAccess='false'" /manifest:embed /manifestinput:settings.manifest /DEBUG /PDB:"C:\Users\USER\Documents\GitHub\Team-Project-GP\Project 1\Release\BasicGameTemplate.pdb" /SUBSYSTEM:WINDOWS /OPT:REF /OPT:ICF /LTCG /TLBID:1 /DYNAMICBASE /NXCOMPAT /IMPLIB:"C:\Users\USER\Documents\GitHub\Team-Project-GP\Project 1\Release\BasicGameTemplate.lib" /MACHINE:X86 /SAFESEH Release\resource.res
         Release\DeviceResources.obj
         Release\Game.obj
         Release\Main.obj
         Release\ModelController.obj
         Release\pch.obj
         Release\PhysXController.obj
         "C:\Users\USER\Documents\GitHub\Team-Project-GP\Project 1\DirectXTK\Bin\Desktop_2013\Win32\Release\DirectXTK.lib"
            Creating library C:\Users\USER\Documents\GitHub\Team-Project-GP\Project 1\Release\BasicGameTemplate.lib and object C:\Users\USER\Documents\GitHub\Team-Project-GP\Project 1\Release\BasicGameTemplate.exp
     1>PhysXController.obj : error LNK2001: unresolved external symbol "public: static class physx::PxDefaultAllocator * PhysXController::gDefaultAllocatorCallback" (?gDefaultAllocatorCallback@PhysXController@@2PAVPxDefaultAllocator@physx@@A)
     1>PhysXController.obj : error LNK2001: unresolved external symbol "public: static class physx::PxDefaultErrorCallback * PhysXController::gDefaultErrorCallback" (?gDefaultErrorCallback@PhysXController@@2PAVPxDefaultErrorCallback@physx@@A)
     1>PhysXController.obj : error LNK2001: unresolved external symbol "public: __thiscall physx::PxDefaultErrorCallback::PxDefaultErrorCallback(void)" (??0PxDefaultErrorCallback@physx@@QAE@XZ)
     1>C:\Users\USER\Documents\GitHub\Team-Project-GP\Project 1\Release\BasicGameTemplate.exe : fatal error LNK1120: 3 unresolved externals
     1>Done Building Project "C:\Users\USER\Documents\GitHub\Team-Project-GP\Project 1\BasicGameTemplate\BasicGameTemplate.vcxproj" (Build target(s)) -- FAILED.

Build FAILED.

Time Elapsed 00:00:01.10
